<?xml version="1.0" encoding="UTF-8"?>
<!-- Generated by org.testng.reporters.JUnitReportReporter -->
<testsuite hostname="Mac" failures="0" tests="1" name="ExampleTest" time="0.000" errors="0" timestamp="2024-12-15T22:34:56 PKT" skipped="0">
  <testcase classname="ExampleTest" name="sampleTest" time="0.000"/>
</testsuite> <!-- ExampleTest -->
