<?xml version="1.0" encoding="UTF-8"?>
<!-- Generated by org.testng.reporters.JUnitReportReporter -->
<testsuite hostname="Mac" failures="0" tests="1" name="GoogleSearchTest" time="5.613" errors="0" timestamp="2024-12-15T22:36:02 PKT" skipped="0">
  <testcase classname="GoogleSearchTest" name="searchGoogle" time="5.613"/>
</testsuite> <!-- GoogleSearchTest -->
